\BOOKMARK [0][-]{chapter.1}{\376\377\000B\000S\000T\000\040\000i\000\040\000t\000a\000b\000l\000i\000c\000a\000\040\000h\000a\000s\000z\000u\000j\001\005\000c\000a}{}
\BOOKMARK [0][-]{chapter.2}{\376\377\000I\000n\000d\000e\000k\000s\000\040\000k\000l\000a\000s}{}
\BOOKMARK [1][-]{section.2.1}{\376\377\000L\000i\000s\000t\000a\000\040\000k\000l\000a\000s}{chapter.2}
\BOOKMARK [0][-]{chapter.3}{\376\377\000I\000n\000d\000e\000k\000s\000\040\000p\000l\000i\000k\000\363\000w}{}
\BOOKMARK [1][-]{section.3.1}{\376\377\000L\000i\000s\000t\000a\000\040\000p\000l\000i\000k\000\363\000w}{chapter.3}
\BOOKMARK [0][-]{chapter.4}{\376\377\000D\000o\000k\000u\000m\000e\000n\000t\000a\000c\000j\000a\000\040\000k\000l\000a\000s}{}
\BOOKMARK [1][-]{section.4.1}{\376\377\000D\000o\000k\000u\000m\000e\000n\000t\000a\000c\000j\000a\000\040\000k\000l\000a\000s\000y\000\040\000B\000S\000T}{chapter.4}
\BOOKMARK [2][-]{subsection.4.1.1}{\376\377\000O\000p\000i\000s\000\040\000s\000z\000c\000z\000e\000g\000\363\001\102\000o\000w\000y}{section.4.1}
\BOOKMARK [2][-]{subsection.4.1.2}{\376\377\000D\000o\000k\000u\000m\000e\000n\000t\000a\000c\000j\000a\000\040\000f\000u\000n\000k\000c\000j\000i\000\040\000s\000k\001\102\000a\000d\000o\000w\000y\000c\000h}{section.4.1}
\BOOKMARK [3][-]{subsubsection.4.1.2.1}{\376\377\000P\000r\000i\000n\000t\000C\000h\000i\000l\000d\000r\000e\000n}{subsection.4.1.2}
\BOOKMARK [1][-]{section.4.2}{\376\377\000D\000o\000k\000u\000m\000e\000n\000t\000a\000c\000j\000a\000\040\000k\000l\000a\000s\000y\000\040\000P\000o\000m\000i\000a\000r\000:\000:\000C\000h\000r\000o\000n\000o}{chapter.4}
\BOOKMARK [2][-]{subsection.4.2.1}{\376\377\000O\000p\000i\000s\000\040\000s\000z\000c\000z\000e\000g\000\363\001\102\000o\000w\000y}{section.4.2}
\BOOKMARK [2][-]{subsection.4.2.2}{\376\377\000D\000o\000k\000u\000m\000e\000n\000t\000a\000c\000j\000a\000\040\000k\000o\000n\000s\000t\000r\000u\000k\000t\000o\000r\000a\000\040\000i\000\040\000d\000e\000s\000t\000r\000u\000k\000t\000o\000r\000a}{section.4.2}
\BOOKMARK [3][-]{subsubsection.4.2.2.1}{\376\377\000C\000h\000r\000o\000n\000o}{subsection.4.2.2}
\BOOKMARK [2][-]{subsection.4.2.3}{\376\377\000D\000o\000k\000u\000m\000e\000n\000t\000a\000c\000j\000a\000\040\000f\000u\000n\000k\000c\000j\000i\000\040\000s\000k\001\102\000a\000d\000o\000w\000y\000c\000h}{section.4.2}
\BOOKMARK [3][-]{subsubsection.4.2.3.1}{\376\377\000E\000k\000s\000p\000o\000r\000t\000u\000j\000\137\000d\000a\000n\000e}{subsection.4.2.3}
\BOOKMARK [3][-]{subsubsection.4.2.3.2}{\376\377\000e\000l\000a\000p\000s\000e\000d\000M\000s}{subsection.4.2.3}
\BOOKMARK [3][-]{subsubsection.4.2.3.3}{\376\377\000e\000l\000a\000p\000s\000e\000d\000N\000s}{subsection.4.2.3}
\BOOKMARK [3][-]{subsubsection.4.2.3.4}{\376\377\000e\000l\000a\000p\000s\000e\000d\000U\000s}{subsection.4.2.3}
\BOOKMARK [3][-]{subsubsection.4.2.3.5}{\376\377\000r\000e\000s\000t\000a\000r\000t}{subsection.4.2.3}
\BOOKMARK [1][-]{section.4.3}{\376\377\000D\000o\000k\000u\000m\000e\000n\000t\000a\000c\000j\000a\000\040\000k\000l\000a\000s\000y\000\040\000h\000a\000s\000z}{chapter.4}
\BOOKMARK [2][-]{subsection.4.3.1}{\376\377\000O\000p\000i\000s\000\040\000s\000z\000c\000z\000e\000g\000\363\001\102\000o\000w\000y}{section.4.3}
\BOOKMARK [0][-]{chapter.5}{\376\377\000D\000o\000k\000u\000m\000e\000n\000t\000a\000c\000j\000a\000\040\000p\000l\000i\000k\000\363\000w}{}
\BOOKMARK [1][-]{section.5.1}{\376\377\000D\000o\000k\000u\000m\000e\000n\000t\000a\000c\000j\000a\000\040\000p\000l\000i\000k\000u\000\040\000/\000h\000o\000m\000e\000/\000k\000r\000z\000y\000s\000z\000t\000o\000f\000/\000D\000e\000s\000k\000t\000o\000p\000/\000P\000A\000M\000S\000I\000/\000L\000a\000b\000o\000r\000a\000t\000o\000r\000i\000u\000m\000/\000L\000a\000b\000o\000r\000a\000t\000o\000r\000i\000u\000m\000\137\0007\000/\000P\000r\000o\000g\000r\000a\000m\000/\000i\000n\000c\000/\000B\000S\000T\000.\000h}{chapter.5}
\BOOKMARK [2][-]{subsection.5.1.1}{\376\377\000O\000p\000i\000s\000\040\000s\000z\000c\000z\000e\000g\000\363\001\102\000o\000w\000y}{section.5.1}
\BOOKMARK [1][-]{section.5.2}{\376\377\000D\000o\000k\000u\000m\000e\000n\000t\000a\000c\000j\000a\000\040\000p\000l\000i\000k\000u\000\040\000/\000h\000o\000m\000e\000/\000k\000r\000z\000y\000s\000z\000t\000o\000f\000/\000D\000e\000s\000k\000t\000o\000p\000/\000P\000A\000M\000S\000I\000/\000L\000a\000b\000o\000r\000a\000t\000o\000r\000i\000u\000m\000/\000L\000a\000b\000o\000r\000a\000t\000o\000r\000i\000u\000m\000\137\0007\000/\000P\000r\000o\000g\000r\000a\000m\000/\000i\000n\000c\000/\000c\000h\000r\000o\000n\000o\000.\000h}{chapter.5}
\BOOKMARK [2][-]{subsection.5.2.1}{\376\377\000O\000p\000i\000s\000\040\000s\000z\000c\000z\000e\000g\000\363\001\102\000o\000w\000y}{section.5.2}
\BOOKMARK [1][-]{section.5.3}{\376\377\000D\000o\000k\000u\000m\000e\000n\000t\000a\000c\000j\000a\000\040\000p\000l\000i\000k\000u\000\040\000/\000h\000o\000m\000e\000/\000k\000r\000z\000y\000s\000z\000t\000o\000f\000/\000D\000e\000s\000k\000t\000o\000p\000/\000P\000A\000M\000S\000I\000/\000L\000a\000b\000o\000r\000a\000t\000o\000r\000i\000u\000m\000/\000L\000a\000b\000o\000r\000a\000t\000o\000r\000i\000u\000m\000\137\0007\000/\000P\000r\000o\000g\000r\000a\000m\000/\000i\000n\000c\000/\000h\000a\000s\000h\000.\000h}{chapter.5}
\BOOKMARK [2][-]{subsection.5.3.1}{\376\377\000O\000p\000i\000s\000\040\000s\000z\000c\000z\000e\000g\000\363\001\102\000o\000w\000y}{section.5.3}
