\BOOKMARK [0][-]{chapter.1}{\376\377\000S\000o\000r\000t\000o\000w\000a\000n\000i\000e}{}
\BOOKMARK [0][-]{chapter.2}{\376\377\000I\000n\000d\000e\000k\000s\000\040\000k\000l\000a\000s}{}
\BOOKMARK [1][-]{section.2.1}{\376\377\000L\000i\000s\000t\000a\000\040\000k\000l\000a\000s}{chapter.2}
\BOOKMARK [0][-]{chapter.3}{\376\377\000I\000n\000d\000e\000k\000s\000\040\000p\000l\000i\000k\000\363\000w}{}
\BOOKMARK [1][-]{section.3.1}{\376\377\000L\000i\000s\000t\000a\000\040\000p\000l\000i\000k\000\363\000w}{chapter.3}
\BOOKMARK [0][-]{chapter.4}{\376\377\000D\000o\000k\000u\000m\000e\000n\000t\000a\000c\000j\000a\000\040\000k\000l\000a\000s}{}
\BOOKMARK [1][-]{section.4.1}{\376\377\000D\000o\000k\000u\000m\000e\000n\000t\000a\000c\000j\000a\000\040\000k\000l\000a\000s\000y\000\040\000P\000o\000m\000i\000a\000r\000:\000:\000C\000h\000r\000o\000n\000o}{chapter.4}
\BOOKMARK [2][-]{subsection.4.1.1}{\376\377\000O\000p\000i\000s\000\040\000s\000z\000c\000z\000e\000g\000\363\001\102\000o\000w\000y}{section.4.1}
\BOOKMARK [2][-]{subsection.4.1.2}{\376\377\000D\000o\000k\000u\000m\000e\000n\000t\000a\000c\000j\000a\000\040\000k\000o\000n\000s\000t\000r\000u\000k\000t\000o\000r\000a\000\040\000i\000\040\000d\000e\000s\000t\000r\000u\000k\000t\000o\000r\000a}{section.4.1}
\BOOKMARK [3][-]{subsubsection.4.1.2.1}{\376\377\000C\000h\000r\000o\000n\000o}{subsection.4.1.2}
\BOOKMARK [2][-]{subsection.4.1.3}{\376\377\000D\000o\000k\000u\000m\000e\000n\000t\000a\000c\000j\000a\000\040\000f\000u\000n\000k\000c\000j\000i\000\040\000s\000k\001\102\000a\000d\000o\000w\000y\000c\000h}{section.4.1}
\BOOKMARK [3][-]{subsubsection.4.1.3.1}{\376\377\000E\000k\000s\000p\000o\000r\000t\000u\000j\000\137\000d\000a\000n\000e}{subsection.4.1.3}
\BOOKMARK [3][-]{subsubsection.4.1.3.2}{\376\377\000e\000l\000a\000p\000s\000e\000d\000M\000s}{subsection.4.1.3}
\BOOKMARK [3][-]{subsubsection.4.1.3.3}{\376\377\000e\000l\000a\000p\000s\000e\000d\000N\000s}{subsection.4.1.3}
\BOOKMARK [3][-]{subsubsection.4.1.3.4}{\376\377\000e\000l\000a\000p\000s\000e\000d\000U\000s}{subsection.4.1.3}
\BOOKMARK [3][-]{subsubsection.4.1.3.5}{\376\377\000r\000e\000s\000t\000a\000r\000t}{subsection.4.1.3}
\BOOKMARK [1][-]{section.4.2}{\376\377\000D\000o\000k\000u\000m\000e\000n\000t\000a\000c\000j\000a\000\040\000k\000l\000a\000s\000y\000\040\000O\000b\000i\000e\000k\000t}{chapter.4}
\BOOKMARK [2][-]{subsection.4.2.1}{\376\377\000O\000p\000i\000s\000\040\000s\000z\000c\000z\000e\000g\000\363\001\102\000o\000w\000y}{section.4.2}
\BOOKMARK [2][-]{subsection.4.2.2}{\376\377\000D\000o\000k\000u\000m\000e\000n\000t\000a\000c\000j\000a\000\040\000k\000o\000n\000s\000t\000r\000u\000k\000t\000o\000r\000a\000\040\000i\000\040\000d\000e\000s\000t\000r\000u\000k\000t\000o\000r\000a}{section.4.2}
\BOOKMARK [3][-]{subsubsection.4.2.2.1}{\376\377\000O\000b\000i\000e\000k\000t}{subsection.4.2.2}
\BOOKMARK [3][-]{subsubsection.4.2.2.2}{\376\377\000O\000b\000i\000e\000k\000t}{subsection.4.2.2}
\BOOKMARK [2][-]{subsection.4.2.3}{\376\377\000D\000o\000k\000u\000m\000e\000n\000t\000a\000c\000j\000a\000\040\000f\000u\000n\000k\000c\000j\000i\000\040\000s\000k\001\102\000a\000d\000o\000w\000y\000c\000h}{section.4.2}
\BOOKMARK [3][-]{subsubsection.4.2.3.1}{\376\377\000C\000z\000y\000\137\000r\000o\000w\000n\000e}{subsection.4.2.3}
\BOOKMARK [3][-]{subsubsection.4.2.3.2}{\376\377\000D\000o\000d\000a\000j\000\137\000e\000l\000e\000m\000e\000n\000t}{subsection.4.2.3}
\BOOKMARK [3][-]{subsubsection.4.2.3.3}{\376\377\000D\000o\000d\000a\000j\000\137\000e\000l\000e\000m\000e\000n\000t\000y}{subsection.4.2.3}
\BOOKMARK [3][-]{subsubsection.4.2.3.4}{\376\377\000O\000d\000w\000r\000o\000c\000\137\000k\000o\000l\000e\000j\000n\000o\000s\000c}{subsection.4.2.3}
\BOOKMARK [3][-]{subsubsection.4.2.3.5}{\376\377\000o\000p\000e\000r\000a\000t\000o\000r\000+}{subsection.4.2.3}
\BOOKMARK [3][-]{subsubsection.4.2.3.6}{\376\377\000o\000p\000e\000r\000a\000t\000o\000r\000=}{subsection.4.2.3}
\BOOKMARK [3][-]{subsubsection.4.2.3.7}{\376\377\000o\000p\000e\000r\000a\000t\000o\000r\000=\000=}{subsection.4.2.3}
\BOOKMARK [3][-]{subsubsection.4.2.3.8}{\376\377\000P\000o\000b\000i\000e\000r\000z\000\137\000d\000a\000n\000e}{subsection.4.2.3}
\BOOKMARK [3][-]{subsubsection.4.2.3.9}{\376\377\000P\000o\000m\000n\000o\000z}{subsection.4.2.3}
\BOOKMARK [3][-]{subsubsection.4.2.3.10}{\376\377\000S\000h\000o\000w}{subsection.4.2.3}
\BOOKMARK [3][-]{subsubsection.4.2.3.11}{\376\377\000Z\000a\000m\000i\000e\000n\000\137\000e\000l\000e\000m\000e\000n\000t\000y}{subsection.4.2.3}
\BOOKMARK [2][-]{subsection.4.2.4}{\376\377\000D\000o\000k\000u\000m\000e\000n\000t\000a\000c\000j\000a\000\040\000a\000t\000r\000y\000b\000u\000t\000\363\000w\000\040\000s\000k\001\102\000a\000d\000o\000w\000y\000c\000h}{section.4.2}
\BOOKMARK [3][-]{subsubsection.4.2.4.1}{\376\377\000T\000a\000b\000l\000i\000c\000a}{subsection.4.2.4}
\BOOKMARK [1][-]{section.4.3}{\376\377\000D\000o\000k\000u\000m\000e\000n\000t\000a\000c\000j\000a\000\040\000k\000l\000a\000s\000y\000\040\000S\000o\000r\000t}{chapter.4}
\BOOKMARK [2][-]{subsection.4.3.1}{\376\377\000O\000p\000i\000s\000\040\000s\000z\000c\000z\000e\000g\000\363\001\102\000o\000w\000y}{section.4.3}
\BOOKMARK [2][-]{subsection.4.3.2}{\376\377\000D\000o\000k\000u\000m\000e\000n\000t\000a\000c\000j\000a\000\040\000f\000u\000n\000k\000c\000j\000i\000\040\000s\000k\001\102\000a\000d\000o\000w\000y\000c\000h}{section.4.3}
\BOOKMARK [3][-]{subsubsection.4.3.2.1}{\376\377\000B\000u\000d\000u\000j\000K\000o\000p\000i\000e\000c}{subsection.4.3.2}
\BOOKMARK [3][-]{subsubsection.4.3.2.2}{\376\377\000H\000e\000a\000p\000S\000o\000r\000t}{subsection.4.3.2}
\BOOKMARK [3][-]{subsubsection.4.3.2.3}{\376\377\000M\000e\000r\000g\000e}{subsection.4.3.2}
\BOOKMARK [3][-]{subsubsection.4.3.2.4}{\376\377\000M\000e\000r\000g\000e\000S\000o\000r\000t}{subsection.4.3.2}
\BOOKMARK [3][-]{subsubsection.4.3.2.5}{\376\377\000Q\000u\000i\000c\000k\000S\000o\000r\000t}{subsection.4.3.2}
\BOOKMARK [3][-]{subsubsection.4.3.2.6}{\376\377\000S\000t\000r\000u\000k\000t\000u\000r\000a\000K\000o\000p\000c\000a}{subsection.4.3.2}
\BOOKMARK [3][-]{subsubsection.4.3.2.7}{\376\377\000W\000i\000z\000u\000a\000l\000i\000z\000u\000j\000\137\000z\000m\000i\000a\000n\000y}{subsection.4.3.2}
\BOOKMARK [3][-]{subsubsection.4.3.2.8}{\376\377\000Z\000a\000p\000i\000s\000z\000\137\000d\000a\000n\000e}{subsection.4.3.2}
\BOOKMARK [2][-]{subsection.4.3.3}{\376\377\000D\000o\000k\000u\000m\000e\000n\000t\000a\000c\000j\000a\000\040\000a\000t\000r\000y\000b\000u\000t\000\363\000w\000\040\000s\000k\001\102\000a\000d\000o\000w\000y\000c\000h}{section.4.3}
\BOOKMARK [3][-]{subsubsection.4.3.3.1}{\376\377\000Z\000a\000p\000i\000s\000a\000n\000e\000\137\000d\000a\000n\000e}{subsection.4.3.3}
\BOOKMARK [0][-]{chapter.5}{\376\377\000D\000o\000k\000u\000m\000e\000n\000t\000a\000c\000j\000a\000\040\000p\000l\000i\000k\000\363\000w}{}
\BOOKMARK [1][-]{section.5.1}{\376\377\000D\000o\000k\000u\000m\000e\000n\000t\000a\000c\000j\000a\000\040\000p\000l\000i\000k\000u\000\040\000/\000h\000o\000m\000e\000/\000k\000r\000z\000y\000s\000z\000t\000o\000f\000/\000D\000e\000s\000k\000t\000o\000p\000/\000P\000A\000M\000S\000I\000/\000L\000a\000b\000o\000r\000a\000t\000o\000r\000i\000u\000m\000/\000L\000a\000b\000o\000r\000a\000t\000o\000r\000i\000u\000m\000\137\0004\000/\000S\000o\000r\000t\000o\000w\000a\000n\000i\000e\000/\000i\000n\000c\000/\000c\000h\000r\000o\000n\000o\000.\000h}{chapter.5}
\BOOKMARK [2][-]{subsection.5.1.1}{\376\377\000O\000p\000i\000s\000\040\000s\000z\000c\000z\000e\000g\000\363\001\102\000o\000w\000y}{section.5.1}
\BOOKMARK [1][-]{section.5.2}{\376\377\000D\000o\000k\000u\000m\000e\000n\000t\000a\000c\000j\000a\000\040\000p\000l\000i\000k\000u\000\040\000/\000h\000o\000m\000e\000/\000k\000r\000z\000y\000s\000z\000t\000o\000f\000/\000D\000e\000s\000k\000t\000o\000p\000/\000P\000A\000M\000S\000I\000/\000L\000a\000b\000o\000r\000a\000t\000o\000r\000i\000u\000m\000/\000L\000a\000b\000o\000r\000a\000t\000o\000r\000i\000u\000m\000\137\0004\000/\000S\000o\000r\000t\000o\000w\000a\000n\000i\000e\000/\000i\000n\000c\000/\000o\000b\000i\000e\000k\000t\000.\000h}{chapter.5}
\BOOKMARK [2][-]{subsection.5.2.1}{\376\377\000O\000p\000i\000s\000\040\000s\000z\000c\000z\000e\000g\000\363\001\102\000o\000w\000y}{section.5.2}
\BOOKMARK [1][-]{section.5.3}{\376\377\000D\000o\000k\000u\000m\000e\000n\000t\000a\000c\000j\000a\000\040\000p\000l\000i\000k\000u\000\040\000/\000h\000o\000m\000e\000/\000k\000r\000z\000y\000s\000z\000t\000o\000f\000/\000D\000e\000s\000k\000t\000o\000p\000/\000P\000A\000M\000S\000I\000/\000L\000a\000b\000o\000r\000a\000t\000o\000r\000i\000u\000m\000/\000L\000a\000b\000o\000r\000a\000t\000o\000r\000i\000u\000m\000\137\0004\000/\000S\000o\000r\000t\000o\000w\000a\000n\000i\000e\000/\000i\000n\000c\000/\000s\000o\000r\000t\000.\000h}{chapter.5}
\BOOKMARK [2][-]{subsection.5.3.1}{\376\377\000O\000p\000i\000s\000\040\000s\000z\000c\000z\000e\000g\000\363\001\102\000o\000w\000y}{section.5.3}
