\BOOKMARK [0][-]{chapter.1}{\376\377\000S\000t\000o\000s\000\040\000z\000a\000\040\000p\000o\000m\000o\000c\001\005\000\040\000t\000a\000b\000l\000i\000c\000y}{}
\BOOKMARK [0][-]{chapter.2}{\376\377\000I\000n\000d\000e\000k\000s\000\040\000k\000l\000a\000s}{}
\BOOKMARK [1][-]{section.2.1}{\376\377\000L\000i\000s\000t\000a\000\040\000k\000l\000a\000s}{chapter.2}
\BOOKMARK [0][-]{chapter.3}{\376\377\000I\000n\000d\000e\000k\000s\000\040\000p\000l\000i\000k\000\363\000w}{}
\BOOKMARK [1][-]{section.3.1}{\376\377\000L\000i\000s\000t\000a\000\040\000p\000l\000i\000k\000\363\000w}{chapter.3}
\BOOKMARK [0][-]{chapter.4}{\376\377\000D\000o\000k\000u\000m\000e\000n\000t\000a\000c\000j\000a\000\040\000k\000l\000a\000s}{}
\BOOKMARK [1][-]{section.4.1}{\376\377\000D\000o\000k\000u\000m\000e\000n\000t\000a\000c\000j\000a\000\040\000k\000l\000a\000s\000y\000\040\000S\000t\000o\000s}{chapter.4}
\BOOKMARK [2][-]{subsection.4.1.1}{\376\377\000O\000p\000i\000s\000\040\000s\000z\000c\000z\000e\000g\000\363\001\102\000o\000w\000y}{section.4.1}
\BOOKMARK [2][-]{subsection.4.1.2}{\376\377\000D\000o\000k\000u\000m\000e\000n\000t\000a\000c\000j\000a\000\040\000f\000u\000n\000k\000c\000j\000i\000\040\000s\000k\001\102\000a\000d\000o\000w\000y\000c\000h}{section.4.1}
\BOOKMARK [3][-]{subsubsection.4.1.2.1}{\376\377\000E\000k\000s\000p\000o\000r\000t\000u\000j\000\137\000d\000a\000n\000e}{subsection.4.1.2}
\BOOKMARK [3][-]{subsubsection.4.1.2.2}{\376\377\000i\000s\000E\000m\000p\000t\000y}{subsection.4.1.2}
\BOOKMARK [3][-]{subsubsection.4.1.2.3}{\376\377\000P\000o\000b\000i\000e\000r\000z\000\137\000d\000a\000n\000e}{subsection.4.1.2}
\BOOKMARK [3][-]{subsubsection.4.1.2.4}{\376\377\000p\000o\000p}{subsection.4.1.2}
\BOOKMARK [3][-]{subsubsection.4.1.2.5}{\376\377\000p\000u\000s\000h}{subsection.4.1.2}
\BOOKMARK [3][-]{subsubsection.4.1.2.6}{\376\377\000S\000h\000o\000w}{subsection.4.1.2}
\BOOKMARK [3][-]{subsubsection.4.1.2.7}{\376\377\000s\000i\000z\000e}{subsection.4.1.2}
\BOOKMARK [2][-]{subsection.4.1.3}{\376\377\000D\000o\000k\000u\000m\000e\000n\000t\000a\000c\000j\000a\000\040\000a\000t\000r\000y\000b\000u\000t\000\363\000w\000\040\000s\000k\001\102\000a\000d\000o\000w\000y\000c\000h}{section.4.1}
\BOOKMARK [3][-]{subsubsection.4.1.3.1}{\376\377\000i\000l\000o\000s\000c\000\137\000e\000l\000e\000m\000e\000n\000t\000o\000w}{subsection.4.1.3}
\BOOKMARK [3][-]{subsubsection.4.1.3.2}{\376\377\000T\000a\000b\000l\000i\000c\000a}{subsection.4.1.3}
\BOOKMARK [3][-]{subsubsection.4.1.3.3}{\376\377\000z\000a\000k\000r\000e\000s}{subsection.4.1.3}
\BOOKMARK [0][-]{chapter.5}{\376\377\000D\000o\000k\000u\000m\000e\000n\000t\000a\000c\000j\000a\000\040\000p\000l\000i\000k\000\363\000w}{}
\BOOKMARK [1][-]{section.5.1}{\376\377\000D\000o\000k\000u\000m\000e\000n\000t\000a\000c\000j\000a\000\040\000p\000l\000i\000k\000u\000\040\000/\000h\000o\000m\000e\000/\000k\000r\000z\000y\000s\000z\000t\000o\000f\000/\000D\000e\000s\000k\000t\000o\000p\000/\000P\000A\000M\000S\000I\000/\000L\000a\000b\000o\000r\000a\000t\000o\000r\000i\000u\000m\000\137\0003\000/\000S\000t\000o\000s\000\137\000t\0001\000/\000i\000n\000c\000/\000s\000t\000o\000s\000.\000h}{chapter.5}
\BOOKMARK [2][-]{subsection.5.1.1}{\376\377\000O\000p\000i\000s\000\040\000s\000z\000c\000z\000e\000g\000\363\001\102\000o\000w\000y}{section.5.1}
